2017-01-26 17:24:00.410  INFO 29369 --- [main] com.leo.boot.CodedeployDemoApplication   : Starting CodedeployDemoApplication on leo-ubuntu with PID 29369 (/home/leo/Project/my/codedeploy-demo/build/classes/main started by leo in /home/leo/Project/my/codedeploy-demo)
2017-01-26 17:24:00.415  INFO 29369 --- [main] com.leo.boot.CodedeployDemoApplication   : No active profile set, falling back to default profiles: default
2017-01-26 17:24:00.448  INFO 29369 --- [main] ationConfigEmbeddedWebApplicationContext : Refreshing org.springframework.boot.context.embedded.AnnotationConfigEmbeddedWebApplicationContext@5fdcaa40: startup date [Thu Jan 26 17:24:00 KST 2017]; root of context hierarchy
2017-01-26 17:24:00.906  INFO 29369 --- [main] o.s.b.f.s.DefaultListableBeanFactory     : Overriding bean definition for bean 'managementServletContext' with a different definition: replacing [Root bean: class [null]; scope=; abstract=false; lazyInit=false; autowireMode=3; dependencyCheck=0; autowireCandidate=true; primary=false; factoryBeanName=org.springframework.boot.actuate.autoconfigure.EndpointWebMvcHypermediaManagementContextConfiguration; factoryMethodName=managementServletContext; initMethodName=null; destroyMethodName=(inferred); defined in class path resource [org/springframework/boot/actuate/autoconfigure/EndpointWebMvcHypermediaManagementContextConfiguration.class]] with [Root bean: class [null]; scope=; abstract=false; lazyInit=false; autowireMode=3; dependencyCheck=0; autowireCandidate=true; primary=false; factoryBeanName=org.springframework.boot.actuate.autoconfigure.EndpointWebMvcAutoConfiguration; factoryMethodName=managementServletContext; initMethodName=null; destroyMethodName=(inferred); defined in class path resource [org/springframework/boot/actuate/autoconfigure/EndpointWebMvcAutoConfiguration.class]]
2017-01-26 17:24:01.335  INFO 29369 --- [main] org.eclipse.jetty.util.log               : Logging initialized @1419ms
2017-01-26 17:24:01.391  INFO 29369 --- [main] e.j.JettyEmbeddedServletContainerFactory : Server initialized with port: 8080
2017-01-26 17:24:01.392  INFO 29369 --- [main] org.eclipse.jetty.server.Server          : jetty-9.3.14.v20161028
2017-01-26 17:24:01.459  INFO 29369 --- [main] application                              : Initializing Spring embedded WebApplicationContext
2017-01-26 17:24:01.459  INFO 29369 --- [main] o.s.web.context.ContextLoader            : Root WebApplicationContext: initialization completed in 1013 ms
2017-01-26 17:24:01.587  INFO 29369 --- [main] o.s.b.w.servlet.ServletRegistrationBean  : Mapping servlet: 'dispatcherServlet' to [/]
2017-01-26 17:24:01.589  INFO 29369 --- [main] o.s.b.w.servlet.FilterRegistrationBean   : Mapping filter: 'metricsFilter' to: [/*]
2017-01-26 17:24:01.589  INFO 29369 --- [main] o.s.b.w.servlet.FilterRegistrationBean   : Mapping filter: 'characterEncodingFilter' to: [/*]
2017-01-26 17:24:01.589  INFO 29369 --- [main] o.s.b.w.servlet.FilterRegistrationBean   : Mapping filter: 'hiddenHttpMethodFilter' to: [/*]
2017-01-26 17:24:01.589  INFO 29369 --- [main] o.s.b.w.servlet.FilterRegistrationBean   : Mapping filter: 'httpPutFormContentFilter' to: [/*]
2017-01-26 17:24:01.590  INFO 29369 --- [main] o.s.b.w.servlet.FilterRegistrationBean   : Mapping filter: 'requestContextFilter' to: [/*]
2017-01-26 17:24:01.590  INFO 29369 --- [main] o.s.b.w.servlet.FilterRegistrationBean   : Mapping filter: 'webRequestLoggingFilter' to: [/*]
2017-01-26 17:24:01.590  INFO 29369 --- [main] o.s.b.w.servlet.FilterRegistrationBean   : Mapping filter: 'applicationContextIdFilter' to: [/*]
2017-01-26 17:24:01.684  INFO 29369 --- [main] o.e.jetty.server.handler.ContextHandler  : Started o.s.b.c.e.j.JettyEmbeddedWebAppContext@2788d0fe{/,file:///tmp/jetty-docbase.7052486538579003842.8080/,AVAILABLE}
2017-01-26 17:24:01.684  INFO 29369 --- [main] org.eclipse.jetty.server.Server          : Started @1769ms
2017-01-26 17:24:01.909  INFO 29369 --- [main] s.w.s.m.m.a.RequestMappingHandlerAdapter : Looking for @ControllerAdvice: org.springframework.boot.context.embedded.AnnotationConfigEmbeddedWebApplicationContext@5fdcaa40: startup date [Thu Jan 26 17:24:00 KST 2017]; root of context hierarchy
2017-01-26 17:24:01.914  INFO 29369 --- [main] s.w.s.m.m.a.RequestMappingHandlerAdapter : Detected ResponseBodyAdvice bean in org.springframework.boot.actuate.autoconfigure.EndpointWebMvcHypermediaManagementContextConfiguration$ActuatorEndpointLinksAdvice
2017-01-26 17:24:01.954  INFO 29369 --- [main] s.w.s.m.m.a.RequestMappingHandlerMapping : Mapped "{[/]}" onto public java.lang.String com.leo.boot.controller.HealthController.check()
2017-01-26 17:24:01.956  INFO 29369 --- [main] s.w.s.m.m.a.RequestMappingHandlerMapping : Mapped "{[/error],produces=[text/html]}" onto public org.springframework.web.servlet.ModelAndView org.springframework.boot.autoconfigure.web.BasicErrorController.errorHtml(javax.servlet.http.HttpServletRequest,javax.servlet.http.HttpServletResponse)
2017-01-26 17:24:01.956  INFO 29369 --- [main] s.w.s.m.m.a.RequestMappingHandlerMapping : Mapped "{[/error]}" onto public org.springframework.http.ResponseEntity<java.util.Map<java.lang.String, java.lang.Object>> org.springframework.boot.autoconfigure.web.BasicErrorController.error(javax.servlet.http.HttpServletRequest)
2017-01-26 17:24:01.973  INFO 29369 --- [main] o.s.w.s.handler.SimpleUrlHandlerMapping  : Mapped URL path [/webjars/**] onto handler of type [class org.springframework.web.servlet.resource.ResourceHttpRequestHandler]
2017-01-26 17:24:01.974  INFO 29369 --- [main] o.s.w.s.handler.SimpleUrlHandlerMapping  : Mapped URL path [/**] onto handler of type [class org.springframework.web.servlet.resource.ResourceHttpRequestHandler]
2017-01-26 17:24:01.974  INFO 29369 --- [main] o.s.w.s.handler.SimpleUrlHandlerMapping  : Mapped URL path [/docs/**] onto handler of type [class org.springframework.web.servlet.resource.ResourceHttpRequestHandler]
2017-01-26 17:24:01.983  INFO 29369 --- [main] .m.m.a.ExceptionHandlerExceptionResolver : Detected ResponseBodyAdvice implementation in org.springframework.boot.actuate.autoconfigure.EndpointWebMvcHypermediaManagementContextConfiguration$ActuatorEndpointLinksAdvice
2017-01-26 17:24:01.997  INFO 29369 --- [main] o.s.w.s.handler.SimpleUrlHandlerMapping  : Mapped URL path [/**/favicon.ico] onto handler of type [class org.springframework.web.servlet.resource.ResourceHttpRequestHandler]
2017-01-26 17:24:02.211  INFO 29369 --- [main] o.s.b.a.e.mvc.EndpointHandlerMapping     : Mapped "{[/metrics/{name:.*}],methods=[GET],produces=[application/json]}" onto public java.lang.Object org.springframework.boot.actuate.endpoint.mvc.MetricsMvcEndpoint.value(java.lang.String)
2017-01-26 17:24:02.212  INFO 29369 --- [main] o.s.b.a.e.mvc.EndpointHandlerMapping     : Mapped "{[/metrics || /metrics.json],methods=[GET],produces=[application/json]}" onto public java.lang.Object org.springframework.boot.actuate.endpoint.mvc.EndpointMvcAdapter.invoke()
2017-01-26 17:24:02.213  INFO 29369 --- [main] o.s.b.a.e.mvc.EndpointHandlerMapping     : Mapped "{[/heapdump || /heapdump.json],methods=[GET],produces=[application/octet-stream]}" onto public void org.springframework.boot.actuate.endpoint.mvc.HeapdumpMvcEndpoint.invoke(boolean,javax.servlet.http.HttpServletRequest,javax.servlet.http.HttpServletResponse) throws java.io.IOException,javax.servlet.ServletException
2017-01-26 17:24:02.215  INFO 29369 --- [main] o.s.b.a.e.mvc.EndpointHandlerMapping     : Mapped "{[/mappings || /mappings.json],methods=[GET],produces=[application/json]}" onto public java.lang.Object org.springframework.boot.actuate.endpoint.mvc.EndpointMvcAdapter.invoke()
2017-01-26 17:24:02.216  INFO 29369 --- [main] o.s.b.a.e.mvc.EndpointHandlerMapping     : Mapped "{[/beans || /beans.json],methods=[GET],produces=[application/json]}" onto public java.lang.Object org.springframework.boot.actuate.endpoint.mvc.EndpointMvcAdapter.invoke()
2017-01-26 17:24:02.226  INFO 29369 --- [main] o.s.b.a.e.mvc.EndpointHandlerMapping     : Mapped "{[/dump || /dump.json],methods=[GET],produces=[application/json]}" onto public java.lang.Object org.springframework.boot.actuate.endpoint.mvc.EndpointMvcAdapter.invoke()
2017-01-26 17:24:02.227  INFO 29369 --- [main] o.s.b.a.e.mvc.EndpointHandlerMapping     : Mapped "{[/logfile || /logfile.json],methods=[GET || HEAD]}" onto public void org.springframework.boot.actuate.endpoint.mvc.LogFileMvcEndpoint.invoke(javax.servlet.http.HttpServletRequest,javax.servlet.http.HttpServletResponse) throws javax.servlet.ServletException,java.io.IOException
2017-01-26 17:24:02.228  INFO 29369 --- [main] o.s.b.a.e.mvc.EndpointHandlerMapping     : Mapped "{[/actuator || /actuator.json],produces=[application/json]}" onto public org.springframework.hateoas.ResourceSupport org.springframework.boot.actuate.endpoint.mvc.HalJsonMvcEndpoint.links()
2017-01-26 17:24:02.230  INFO 29369 --- [main] o.s.b.a.e.mvc.EndpointHandlerMapping     : Mapped "{[/configprops || /configprops.json],methods=[GET],produces=[application/json]}" onto public java.lang.Object org.springframework.boot.actuate.endpoint.mvc.EndpointMvcAdapter.invoke()
2017-01-26 17:24:02.235  INFO 29369 --- [main] o.s.b.a.e.mvc.EndpointHandlerMapping     : Mapped "{[/health || /health.json],produces=[application/json]}" onto public java.lang.Object org.springframework.boot.actuate.endpoint.mvc.HealthMvcEndpoint.invoke(java.security.Principal)
2017-01-26 17:24:02.235  INFO 29369 --- [main] o.s.b.a.e.mvc.EndpointHandlerMapping     : Mapped "{[/trace || /trace.json],methods=[GET],produces=[application/json]}" onto public java.lang.Object org.springframework.boot.actuate.endpoint.mvc.EndpointMvcAdapter.invoke()
2017-01-26 17:24:02.238  INFO 29369 --- [main] o.s.b.a.e.mvc.EndpointHandlerMapping     : Mapped "{[/env/{name:.*}],methods=[GET],produces=[application/json]}" onto public java.lang.Object org.springframework.boot.actuate.endpoint.mvc.EnvironmentMvcEndpoint.value(java.lang.String)
2017-01-26 17:24:02.239  INFO 29369 --- [main] o.s.b.a.e.mvc.EndpointHandlerMapping     : Mapped "{[/env || /env.json],methods=[GET],produces=[application/json]}" onto public java.lang.Object org.springframework.boot.actuate.endpoint.mvc.EndpointMvcAdapter.invoke()
2017-01-26 17:24:02.240  INFO 29369 --- [main] o.s.b.a.e.mvc.EndpointHandlerMapping     : Mapped "{[/docs/],produces=[text/html]}" onto public java.lang.String org.springframework.boot.actuate.endpoint.mvc.DocsMvcEndpoint.browse()
2017-01-26 17:24:02.241  INFO 29369 --- [main] o.s.b.a.e.mvc.EndpointHandlerMapping     : Mapped "{[/docs],produces=[text/html]}" onto public java.lang.String org.springframework.boot.actuate.endpoint.mvc.DocsMvcEndpoint.redirect()
2017-01-26 17:24:02.241  INFO 29369 --- [main] o.s.b.a.e.mvc.EndpointHandlerMapping     : Mapped "{[/info || /info.json],methods=[GET],produces=[application/json]}" onto public java.lang.Object org.springframework.boot.actuate.endpoint.mvc.EndpointMvcAdapter.invoke()
2017-01-26 17:24:02.244  INFO 29369 --- [main] o.s.b.a.e.mvc.EndpointHandlerMapping     : Mapped "{[/autoconfig || /autoconfig.json],methods=[GET],produces=[application/json]}" onto public java.lang.Object org.springframework.boot.actuate.endpoint.mvc.EndpointMvcAdapter.invoke()
2017-01-26 17:24:02.314  INFO 29369 --- [main] o.s.j.e.a.AnnotationMBeanExporter        : Registering beans for JMX exposure on startup
2017-01-26 17:24:02.320  INFO 29369 --- [main] o.s.c.support.DefaultLifecycleProcessor  : Starting beans in phase 0
2017-01-26 17:24:02.380  INFO 29369 --- [main] application                              : Initializing Spring FrameworkServlet 'dispatcherServlet'
2017-01-26 17:24:02.381  INFO 29369 --- [main] o.s.web.servlet.DispatcherServlet        : FrameworkServlet 'dispatcherServlet': initialization started
2017-01-26 17:24:02.388  INFO 29369 --- [main] o.s.web.servlet.DispatcherServlet        : FrameworkServlet 'dispatcherServlet': initialization completed in 6 ms
2017-01-26 17:24:02.398  INFO 29369 --- [main] o.e.jetty.server.AbstractConnector       : Started ServerConnector@51d387d3{HTTP/1.1,[http/1.1]}{0.0.0.0:8080}
2017-01-26 17:24:02.400  INFO 29369 --- [main] .s.b.c.e.j.JettyEmbeddedServletContainer : Jetty started on port(s) 8080 (http/1.1)
2017-01-26 17:24:02.403  INFO 29369 --- [main] com.leo.boot.CodedeployDemoApplication   : Started CodedeployDemoApplication in 2.273 seconds (JVM running for 2.488)
2017-01-26 17:24:35.563  INFO 29369 --- [Thread-10] ationConfigEmbeddedWebApplicationContext : Closing org.springframework.boot.context.embedded.AnnotationConfigEmbeddedWebApplicationContext@5fdcaa40: startup date [Thu Jan 26 17:24:00 KST 2017]; root of context hierarchy
2017-01-26 17:24:35.564  INFO 29369 --- [Thread-10] o.s.c.support.DefaultLifecycleProcessor  : Stopping beans in phase 0
2017-01-26 17:24:35.566  INFO 29369 --- [Thread-10] o.s.j.e.a.AnnotationMBeanExporter        : Unregistering JMX-exposed beans on shutdown
2017-01-26 17:24:35.572  INFO 29369 --- [Thread-10] o.e.jetty.server.AbstractConnector       : Stopped ServerConnector@51d387d3{HTTP/1.1,[http/1.1]}{0.0.0.0:8080}
2017-01-26 17:24:35.573  INFO 29369 --- [Thread-10] application                              : Destroying Spring FrameworkServlet 'dispatcherServlet'
2017-01-26 17:24:35.573  INFO 29369 --- [Thread-10] o.e.jetty.server.handler.ContextHandler  : Stopped o.s.b.c.e.j.JettyEmbeddedWebAppContext@2788d0fe{/,file:///tmp/jetty-docbase.7052486538579003842.8080/,UNAVAILABLE}
